This is pdfTeX, Version 3.141592653-2.6-1.40.26 (TeX Live 2024) (preloaded format=pdflatex)
 restricted \write18 enabled.
entering extended mode
(./book.tex
LaTeX2e <2023-11-01> patch level 1
L3 programming layer <2024-02-20>
(/usr/local/texlive/2024/texmf-dist/tex/latex/base/book.cls
Document Class: book 2023/05/17 v1.4n Standard LaTeX document class
(/usr/local/texlive/2024/texmf-dist/tex/latex/base/bk12.clo))
(/usr/local/texlive/2024/texmf-dist/tex/latex/amsmath/amsmath.sty
For additional information on amsmath, use the `?' option.
(/usr/local/texlive/2024/texmf-dist/tex/latex/amsmath/amstext.sty
(/usr/local/texlive/2024/texmf-dist/tex/latex/amsmath/amsgen.sty))
(/usr/local/texlive/2024/texmf-dist/tex/latex/amsmath/amsbsy.sty)
(/usr/local/texlive/2024/texmf-dist/tex/latex/amsmath/amsopn.sty))
(/usr/local/texlive/2024/texmf-dist/tex/latex/amsfonts/amssymb.sty
(/usr/local/texlive/2024/texmf-dist/tex/latex/amsfonts/amsfonts.sty))
(/usr/local/texlive/2024/texmf-dist/tex/latex/geometry/geometry.sty
(/usr/local/texlive/2024/texmf-dist/tex/latex/graphics/keyval.sty)
(/usr/local/texlive/2024/texmf-dist/tex/generic/iftex/ifvtex.sty
(/usr/local/texlive/2024/texmf-dist/tex/generic/iftex/iftex.sty)))
(/usr/local/texlive/2024/texmf-dist/tex/latex/hyperref/hyperref.sty
(/usr/local/texlive/2024/texmf-dist/tex/latex/kvsetkeys/kvsetkeys.sty)
(/usr/local/texlive/2024/texmf-dist/tex/generic/kvdefinekeys/kvdefinekeys.sty)
(/usr/local/texlive/2024/texmf-dist/tex/generic/pdfescape/pdfescape.sty
(/usr/local/texlive/2024/texmf-dist/tex/generic/ltxcmds/ltxcmds.sty)
(/usr/local/texlive/2024/texmf-dist/tex/generic/pdftexcmds/pdftexcmds.sty
(/usr/local/texlive/2024/texmf-dist/tex/generic/infwarerr/infwarerr.sty)))
(/usr/local/texlive/2024/texmf-dist/tex/latex/hycolor/hycolor.sty)
(/usr/local/texlive/2024/texmf-dist/tex/latex/auxhook/auxhook.sty)
(/usr/local/texlive/2024/texmf-dist/tex/latex/hyperref/nameref.sty
(/usr/local/texlive/2024/texmf-dist/tex/latex/refcount/refcount.sty)
(/usr/local/texlive/2024/texmf-dist/tex/generic/gettitlestring/gettitlestring.s
ty (/usr/local/texlive/2024/texmf-dist/tex/latex/kvoptions/kvoptions.sty)))
(/usr/local/texlive/2024/texmf-dist/tex/latex/etoolbox/etoolbox.sty)
(/usr/local/texlive/2024/texmf-dist/tex/latex/hyperref/pd1enc.def)
(/usr/local/texlive/2024/texmf-dist/tex/generic/intcalc/intcalc.sty)
(/usr/local/texlive/2024/texmf-dist/tex/latex/hyperref/puenc.def)
(/usr/local/texlive/2024/texmf-dist/tex/latex/url/url.sty)
(/usr/local/texlive/2024/texmf-dist/tex/generic/bitset/bitset.sty
(/usr/local/texlive/2024/texmf-dist/tex/generic/bigintcalc/bigintcalc.sty))
(/usr/local/texlive/2024/texmf-dist/tex/latex/base/atbegshi-ltx.sty))
(/usr/local/texlive/2024/texmf-dist/tex/latex/hyperref/hpdftex.def
(/usr/local/texlive/2024/texmf-dist/tex/latex/base/atveryend-ltx.sty)
(/usr/local/texlive/2024/texmf-dist/tex/latex/rerunfilecheck/rerunfilecheck.sty

(/usr/local/texlive/2024/texmf-dist/tex/generic/uniquecounter/uniquecounter.sty
))) (/usr/local/texlive/2024/texmf-dist/tex/latex/bookmark/bookmark.sty
(/usr/local/texlive/2024/texmf-dist/tex/latex/bookmark/bkm-pdftex.def))
(/usr/local/texlive/2024/texmf-dist/tex/latex/tools/verbatim.sty)
(/usr/local/texlive/2024/texmf-dist/tex/latex/graphics/graphicx.sty
(/usr/local/texlive/2024/texmf-dist/tex/latex/graphics/graphics.sty
(/usr/local/texlive/2024/texmf-dist/tex/latex/graphics/trig.sty)
(/usr/local/texlive/2024/texmf-dist/tex/latex/graphics-cfg/graphics.cfg)
(/usr/local/texlive/2024/texmf-dist/tex/latex/graphics-def/pdftex.def)))
(/usr/local/texlive/2024/texmf-dist/tex/latex/tools/longtable.sty)
(/usr/local/texlive/2024/texmf-dist/tex/latex/fancyvrb/fancyvrb.sty)
(/usr/local/texlive/2024/texmf-dist/tex/latex/comment/comment.sty
Excluding comment 'comment')
(/usr/local/texlive/2024/texmf-dist/tex/latex/l3backend/l3backend-pdftex.def)
(./book.aux)
Runaway argument?
{id=4 
! File ended while scanning use of \BKM@entry.
<inserted text> 
                \par 
l.19 \begin{document}
                     
? 